{"level":"info","message":"Hello from Acquisitions!","service":"acquisitions-api","timestamp":"2026-07-19T14:46:58.938Z"}
{"level":"info","message":"::1 - - [19/Jul/2026:14:46:58 +0000] \"GET / HTTP/1.1\" 304 - \"-\" \"Mozilla/5.0 (Windows NT 10.0; Win64; x64) AppleWebKit/537.36 (KHTML, like Gecko) Code/1.128.1 Chrome/148.0.7778.271 Electron/42.5.0 Safari/537.36\"","service":"acquisitions-api","timestamp":"2026-07-19T14:46:58.962Z"}
{"level":"info","message":"Hello from Acquisitions!","service":"acquisitions-api","timestamp":"2026-07-20T18:44:21.877Z"}
{"level":"info","message":"::1 - - [20/Jul/2026:18:44:21 +0000] \"GET / HTTP/1.1\" 304 - \"-\" \"Mozilla/5.0 (Windows NT 10.0; Win64; x64) AppleWebKit/537.36 (KHTML, like Gecko) Code/1.129.1 Chrome/148.0.7778.280 Electron/42.6.0 Safari/537.36\"","service":"acquisitions-api","timestamp":"2026-07-20T18:44:21.894Z"}
{"level":"info","message":"Hello from Acquisitions!","service":"acquisitions-api","timestamp":"2026-07-20T19:03:13.153Z"}
{"level":"info","message":"::1 - - [20/Jul/2026:19:03:13 +0000] \"GET / HTTP/1.1\" 304 - \"-\" \"Mozilla/5.0 (Windows NT 10.0; Win64; x64) AppleWebKit/537.36 (KHTML, like Gecko) Code/1.129.1 Chrome/148.0.7778.280 Electron/42.6.0 Safari/537.36\"","service":"acquisitions-api","timestamp":"2026-07-20T19:03:13.184Z"}
{"level":"info","message":"Hello from Acquisitions!","service":"acquisitions-api","timestamp":"2026-07-20T19:03:24.695Z"}
{"level":"info","message":"::1 - - [20/Jul/2026:19:03:24 +0000] \"GET / HTTP/1.1\" 200 24 \"-\" \"PostmanRuntime/7.54.0\"","service":"acquisitions-api","timestamp":"2026-07-20T19:03:24.702Z"}
{"level":"info","message":"::1 - - [20/Jul/2026:19:05:20 +0000] \"GET /api HTTP/1.1\" 200 42 \"-\" \"PostmanRuntime/7.54.0\"","service":"acquisitions-api","timestamp":"2026-07-20T19:05:20.414Z"}
{"level":"info","message":"::1 - - [20/Jul/2026:19:05:37 +0000] \"GET /health HTTP/1.1\" 200 75 \"-\" \"PostmanRuntime/7.54.0\"","service":"acquisitions-api","timestamp":"2026-07-20T19:05:37.754Z"}
{"level":"info","message":"::1 - - [20/Jul/2026:19:06:01 +0000] \"POST /api/auth/sign-in HTTP/1.1\" 200 31 \"-\" \"PostmanRuntime/7.54.0\"","service":"acquisitions-api","timestamp":"2026-07-20T19:06:01.780Z"}
{"level":"info","message":"Hello from Acquisitions!","service":"acquisitions-api","timestamp":"2026-07-21T19:57:36.026Z"}
{"level":"info","message":"::1 - - [21/Jul/2026:19:57:36 +0000] \"GET / HTTP/1.1\" 304 - \"-\" \"Mozilla/5.0 (Windows NT 10.0; Win64; x64) AppleWebKit/537.36 (KHTML, like Gecko) Code/1.129.1 Chrome/148.0.7778.280 Electron/42.6.0 Safari/537.36\"","service":"acquisitions-api","timestamp":"2026-07-21T19:57:36.042Z"}
{"level":"info","message":"::1 - - [21/Jul/2026:19:57:46 +0000] \"GET /health HTTP/1.1\" 200 74 \"-\" \"PostmanRuntime/7.54.0\"","service":"acquisitions-api","timestamp":"2026-07-21T19:57:46.545Z"}
{"level":"info","message":"::1 - - [21/Jul/2026:19:58:05 +0000] \"POST /api/auth/sign-in HTTP/1.1\" 200 31 \"-\" \"PostmanRuntime/7.54.0\"","service":"acquisitions-api","timestamp":"2026-07-21T19:58:05.241Z"}
{"level":"info","message":"::1 - - [21/Jul/2026:20:03:15 +0000] \"POST /api/auth/sign-up HTTP/1.1\" 400 144 \"-\" \"PostmanRuntime/7.54.0\"","service":"acquisitions-api","timestamp":"2026-07-21T20:03:15.641Z"}
{"level":"info","message":"::1 - - [21/Jul/2026:20:04:22 +0000] \"POST /api/auth/sign-up?email=xcaliberd@gmail.com HTTP/1.1\" 400 144 \"-\" \"PostmanRuntime/7.54.0\"","service":"acquisitions-api","timestamp":"2026-07-21T20:04:22.454Z"}
{"level":"info","message":"::1 - - [21/Jul/2026:20:04:52 +0000] \"POST /api/auth/sign-up?email=xcaliberd@gmail.com&name=dhaniket&password=123456 HTTP/1.1\" 400 144 \"-\" \"PostmanRuntime/7.54.0\"","service":"acquisitions-api","timestamp":"2026-07-21T20:04:52.882Z"}
{"level":"info","message":"::1 - - [21/Jul/2026:20:05:11 +0000] \"POST /api/auth/sign-up?email=xcaliberd@gmail.com&name=dhaniket&password=123456 HTTP/1.1\" 400 144 \"-\" \"PostmanRuntime/7.54.0\"","service":"acquisitions-api","timestamp":"2026-07-21T20:05:11.339Z"}
{"level":"info","message":"::1 - - [21/Jul/2026:20:07:42 +0000] \"POST /api/auth/sign-up HTTP/1.1\" 400 144 \"-\" \"PostmanRuntime/7.54.0\"","service":"acquisitions-api","timestamp":"2026-07-21T20:07:42.647Z"}
{"level":"info","message":"User registered successfully: xcaliberd@gmail.com","service":"acquisitions-api","timestamp":"2026-07-21T20:08:30.818Z"}
{"level":"error","message":"Signup error user is not defined","service":"acquisitions-api","stack":"ReferenceError: user is not defined\n    at signup (file:///E:/Coding%202026/Docker_Course/acquisitions/src/controllers/auth.controller.js:24:13)\n    at Layer.handleRequest (E:\\Coding 2026\\Docker_Course\\acquisitions\\node_modules\\router\\lib\\layer.js:152:17)\n    at next (E:\\Coding 2026\\Docker_Course\\acquisitions\\node_modules\\router\\lib\\route.js:157:13)\n    at Route.dispatch (E:\\Coding 2026\\Docker_Course\\acquisitions\\node_modules\\router\\lib\\route.js:117:3)\n    at handle (E:\\Coding 2026\\Docker_Course\\acquisitions\\node_modules\\router\\index.js:435:11)\n    at Layer.handleRequest (E:\\Coding 2026\\Docker_Course\\acquisitions\\node_modules\\router\\lib\\layer.js:152:17)\n    at E:\\Coding 2026\\Docker_Course\\acquisitions\\node_modules\\router\\index.js:295:15\n    at processParams (E:\\Coding 2026\\Docker_Course\\acquisitions\\node_modules\\router\\index.js:582:12)\n    at next (E:\\Coding 2026\\Docker_Course\\acquisitions\\node_modules\\router\\index.js:291:5)\n    at Function.handle (E:\\Coding 2026\\Docker_Course\\acquisitions\\node_modules\\router\\index.js:186:3)","timestamp":"2026-07-21T20:08:30.820Z"}
{"level":"info","message":"::1 - - [21/Jul/2026:20:08:30 +0000] \"POST /api/auth/sign-up HTTP/1.1\" 500 1297 \"-\" \"PostmanRuntime/7.54.0\"","service":"acquisitions-api","timestamp":"2026-07-21T20:08:30.823Z"}
{"level":"info","message":"User registered successfully: xcaliberd@gmail.com","service":"acquisitions-api","timestamp":"2026-07-21T20:12:25.611Z"}
{"level":"info","message":"::1 - - [21/Jul/2026:20:12:25 +0000] \"POST /api/auth/sign-up HTTP/1.1\" 201 107 \"-\" \"PostmanRuntime/7.54.0\"","service":"acquisitions-api","timestamp":"2026-07-21T20:12:25.624Z"}
{"level":"info","message":"::1 - - [21/Jul/2026:20:25:58 +0000] \"POST /api/auth/sign-up HTTP/1.1\" 400 92 \"-\" \"PostmanRuntime/7.54.0\"","service":"acquisitions-api","timestamp":"2026-07-21T20:25:58.564Z"}
{"level":"info","message":"User xcaliberd@gmail.com created successfully","service":"acquisitions-api","timestamp":"2026-07-21T20:26:13.977Z"}
{"level":"info","message":"User registered successfully: xcaliberd@gmail.com","service":"acquisitions-api","timestamp":"2026-07-21T20:26:13.984Z"}
{"level":"info","message":"::1 - - [21/Jul/2026:20:26:13 +0000] \"POST /api/auth/sign-up HTTP/1.1\" 201 108 \"-\" \"PostmanRuntime/7.54.0\"","service":"acquisitions-api","timestamp":"2026-07-21T20:26:13.986Z"}
{"level":"info","message":"User dhaniket@gmail.com created successfully","service":"acquisitions-api","timestamp":"2026-07-21T20:26:59.620Z"}
{"level":"info","message":"User registered successfully: dhaniket@gmail.com","service":"acquisitions-api","timestamp":"2026-07-21T20:26:59.622Z"}
{"level":"info","message":"::1 - - [21/Jul/2026:20:26:59 +0000] \"POST /api/auth/sign-up HTTP/1.1\" 201 108 \"-\" \"PostmanRuntime/7.54.0\"","service":"acquisitions-api","timestamp":"2026-07-21T20:26:59.623Z"}
{"ip":"::1","level":"warn","message":"Bot request blocked","path":"/health","service":"acquisitions-api","timestamp":"2026-07-21T20:54:40.086Z","userAgent":"PostmanRuntime/7.54.0"}
{"level":"info","message":"::1 - - [21/Jul/2026:20:54:40 +0000] \"GET /health HTTP/1.1\" 403 68 \"-\" \"PostmanRuntime/7.54.0\"","service":"acquisitions-api","timestamp":"2026-07-21T20:54:40.102Z"}
{"ip":"::1","level":"warn","message":"Bot request blocked","path":"/health","service":"acquisitions-api","timestamp":"2026-07-21T20:54:47.254Z","userAgent":"PostmanRuntime/7.54.0"}
{"level":"info","message":"::1 - - [21/Jul/2026:20:54:47 +0000] \"GET /health HTTP/1.1\" 403 68 \"-\" \"PostmanRuntime/7.54.0\"","service":"acquisitions-api","timestamp":"2026-07-21T20:54:47.257Z"}
{"ip":"::1","level":"warn","message":"Bot request blocked","path":"/health","service":"acquisitions-api","timestamp":"2026-07-21T20:55:16.425Z","userAgent":"PostmanRuntime/7.54.0"}
{"level":"info","message":"::1 - - [21/Jul/2026:20:55:16 +0000] \"GET /health HTTP/1.1\" 403 68 \"-\" \"PostmanRuntime/7.54.0\"","service":"acquisitions-api","timestamp":"2026-07-21T20:55:16.428Z"}
{"ip":"::1","level":"warn","message":"Bot request blocked","path":"/health","service":"acquisitions-api","timestamp":"2026-07-21T20:55:20.579Z","userAgent":"PostmanRuntime/7.54.0"}
{"level":"info","message":"::1 - - [21/Jul/2026:20:55:20 +0000] \"GET /health HTTP/1.1\" 403 68 \"-\" \"PostmanRuntime/7.54.0\"","service":"acquisitions-api","timestamp":"2026-07-21T20:55:20.582Z"}
{"ip":"::1","level":"warn","message":"Bot request blocked","path":"/health","service":"acquisitions-api","timestamp":"2026-07-21T20:55:21.469Z","userAgent":"PostmanRuntime/7.54.0"}
{"level":"info","message":"::1 - - [21/Jul/2026:20:55:21 +0000] \"GET /health HTTP/1.1\" 403 68 \"-\" \"PostmanRuntime/7.54.0\"","service":"acquisitions-api","timestamp":"2026-07-21T20:55:21.470Z"}
{"ip":"::1","level":"warn","message":"Bot request blocked","path":"/health","service":"acquisitions-api","timestamp":"2026-07-21T20:55:22.302Z","userAgent":"PostmanRuntime/7.54.0"}
{"level":"info","message":"::1 - - [21/Jul/2026:20:55:22 +0000] \"GET /health HTTP/1.1\" 403 68 \"-\" \"PostmanRuntime/7.54.0\"","service":"acquisitions-api","timestamp":"2026-07-21T20:55:22.304Z"}
{"ip":"::1","level":"warn","message":"Bot request blocked","path":"/health","service":"acquisitions-api","timestamp":"2026-07-21T20:55:23.082Z","userAgent":"PostmanRuntime/7.54.0"}
{"level":"info","message":"::1 - - [21/Jul/2026:20:55:23 +0000] \"GET /health HTTP/1.1\" 403 68 \"-\" \"PostmanRuntime/7.54.0\"","service":"acquisitions-api","timestamp":"2026-07-21T20:55:23.083Z"}
{"ip":"::1","level":"warn","message":"Bot request blocked","path":"/health","service":"acquisitions-api","timestamp":"2026-07-21T20:55:23.882Z","userAgent":"PostmanRuntime/7.54.0"}
{"level":"info","message":"::1 - - [21/Jul/2026:20:55:23 +0000] \"GET /health HTTP/1.1\" 403 68 \"-\" \"PostmanRuntime/7.54.0\"","service":"acquisitions-api","timestamp":"2026-07-21T20:55:23.883Z"}
{"ip":"::1","level":"warn","message":"Bot request blocked","path":"/health","service":"acquisitions-api","timestamp":"2026-07-21T20:55:24.584Z","userAgent":"PostmanRuntime/7.54.0"}
{"level":"info","message":"::1 - - [21/Jul/2026:20:55:24 +0000] \"GET /health HTTP/1.1\" 403 68 \"-\" \"PostmanRuntime/7.54.0\"","service":"acquisitions-api","timestamp":"2026-07-21T20:55:24.586Z"}
{"ip":"::1","level":"warn","message":"Bot request blocked","path":"/health","service":"acquisitions-api","timestamp":"2026-07-21T20:55:25.133Z","userAgent":"PostmanRuntime/7.54.0"}
{"level":"info","message":"::1 - - [21/Jul/2026:20:55:25 +0000] \"GET /health HTTP/1.1\" 403 68 \"-\" \"PostmanRuntime/7.54.0\"","service":"acquisitions-api","timestamp":"2026-07-21T20:55:25.135Z"}
{"ip":"::1","level":"warn","message":"Bot request blocked","path":"/health","service":"acquisitions-api","timestamp":"2026-07-21T20:55:26.390Z","userAgent":"PostmanRuntime/7.54.0"}
{"level":"info","message":"::1 - - [21/Jul/2026:20:55:26 +0000] \"GET /health HTTP/1.1\" 403 68 \"-\" \"PostmanRuntime/7.54.0\"","service":"acquisitions-api","timestamp":"2026-07-21T20:55:26.392Z"}
{"ip":"::1","level":"warn","message":"Bot request blocked","path":"/health","service":"acquisitions-api","timestamp":"2026-07-21T20:55:29.298Z","userAgent":"PostmanRuntime/7.54.0"}
{"level":"info","message":"::1 - - [21/Jul/2026:20:55:29 +0000] \"GET /health HTTP/1.1\" 403 68 \"-\" \"PostmanRuntime/7.54.0\"","service":"acquisitions-api","timestamp":"2026-07-21T20:55:29.299Z"}
{"ip":"::1","level":"warn","message":"Bot request blocked","path":"/health","service":"acquisitions-api","timestamp":"2026-07-21T20:55:30.316Z","userAgent":"PostmanRuntime/7.54.0"}
{"level":"info","message":"::1 - - [21/Jul/2026:20:55:30 +0000] \"GET /health HTTP/1.1\" 403 68 \"-\" \"PostmanRuntime/7.54.0\"","service":"acquisitions-api","timestamp":"2026-07-21T20:55:30.318Z"}
{"ip":"::1","level":"warn","message":"Bot request blocked","path":"/health","service":"acquisitions-api","timestamp":"2026-07-21T20:55:31.126Z","userAgent":"PostmanRuntime/7.54.0"}
{"level":"info","message":"::1 - - [21/Jul/2026:20:55:31 +0000] \"GET /health HTTP/1.1\" 403 68 \"-\" \"PostmanRuntime/7.54.0\"","service":"acquisitions-api","timestamp":"2026-07-21T20:55:31.128Z"}
{"ip":"::1","level":"warn","message":"Bot request blocked","path":"/health","service":"acquisitions-api","timestamp":"2026-07-21T20:55:31.889Z","userAgent":"PostmanRuntime/7.54.0"}
{"level":"info","message":"::1 - - [21/Jul/2026:20:55:31 +0000] \"GET /health HTTP/1.1\" 403 68 \"-\" \"PostmanRuntime/7.54.0\"","service":"acquisitions-api","timestamp":"2026-07-21T20:55:31.890Z"}
{"ip":"::1","level":"warn","message":"Bot request blocked","path":"/health","service":"acquisitions-api","timestamp":"2026-07-21T20:55:32.641Z","userAgent":"PostmanRuntime/7.54.0"}
{"level":"info","message":"::1 - - [21/Jul/2026:20:55:32 +0000] \"GET /health HTTP/1.1\" 403 68 \"-\" \"PostmanRuntime/7.54.0\"","service":"acquisitions-api","timestamp":"2026-07-21T20:55:32.642Z"}
{"ip":"::1","level":"warn","message":"Bot request blocked","path":"/health","service":"acquisitions-api","timestamp":"2026-07-21T20:55:33.483Z","userAgent":"PostmanRuntime/7.54.0"}
{"level":"info","message":"::1 - - [21/Jul/2026:20:55:33 +0000] \"GET /health HTTP/1.1\" 403 68 \"-\" \"PostmanRuntime/7.54.0\"","service":"acquisitions-api","timestamp":"2026-07-21T20:55:33.485Z"}
{"ip":"::1","level":"warn","message":"Bot request blocked","path":"/health","service":"acquisitions-api","timestamp":"2026-07-21T20:55:52.365Z","userAgent":"PostmanRuntime/7.54.0"}
{"level":"info","message":"::1 - - [21/Jul/2026:20:55:52 +0000] \"GET /health HTTP/1.1\" 403 68 \"-\" \"PostmanRuntime/7.54.0\"","service":"acquisitions-api","timestamp":"2026-07-21T20:55:52.374Z"}
{"ip":"::1","level":"warn","message":"Bot request blocked","path":"/health","service":"acquisitions-api","timestamp":"2026-07-21T20:55:53.635Z","userAgent":"PostmanRuntime/7.54.0"}
{"level":"info","message":"::1 - - [21/Jul/2026:20:55:53 +0000] \"GET /health HTTP/1.1\" 403 68 \"-\" \"PostmanRuntime/7.54.0\"","service":"acquisitions-api","timestamp":"2026-07-21T20:55:53.637Z"}
{"ip":"::1","level":"warn","message":"Bot request blocked","path":"/health","service":"acquisitions-api","timestamp":"2026-07-21T20:55:58.996Z","userAgent":"PostmanRuntime/7.54.0"}
{"level":"info","message":"::1 - - [21/Jul/2026:20:55:58 +0000] \"GET /health HTTP/1.1\" 403 68 \"-\" \"PostmanRuntime/7.54.0\"","service":"acquisitions-api","timestamp":"2026-07-21T20:55:58.998Z"}
{"ip":"::1","level":"warn","message":"Bot request blocked","path":"/health","service":"acquisitions-api","timestamp":"2026-07-21T20:55:59.884Z","userAgent":"PostmanRuntime/7.54.0"}
{"level":"info","message":"::1 - - [21/Jul/2026:20:55:59 +0000] \"GET /health HTTP/1.1\" 403 68 \"-\" \"PostmanRuntime/7.54.0\"","service":"acquisitions-api","timestamp":"2026-07-21T20:55:59.886Z"}
{"ip":"::1","level":"warn","message":"Bot request blocked","path":"/health","service":"acquisitions-api","timestamp":"2026-07-21T20:56:00.779Z","userAgent":"PostmanRuntime/7.54.0"}
{"level":"info","message":"::1 - - [21/Jul/2026:20:56:00 +0000] \"GET /health HTTP/1.1\" 403 68 \"-\" \"PostmanRuntime/7.54.0\"","service":"acquisitions-api","timestamp":"2026-07-21T20:56:00.783Z"}
{"ip":"::1","level":"warn","message":"Bot request blocked","path":"/health","service":"acquisitions-api","timestamp":"2026-07-21T20:56:01.635Z","userAgent":"PostmanRuntime/7.54.0"}
{"level":"info","message":"::1 - - [21/Jul/2026:20:56:01 +0000] \"GET /health HTTP/1.1\" 403 68 \"-\" \"PostmanRuntime/7.54.0\"","service":"acquisitions-api","timestamp":"2026-07-21T20:56:01.637Z"}
{"ip":"::1","level":"warn","message":"Bot request blocked","path":"/health","service":"acquisitions-api","timestamp":"2026-07-21T20:56:02.780Z","userAgent":"PostmanRuntime/7.54.0"}
{"level":"info","message":"::1 - - [21/Jul/2026:20:56:02 +0000] \"GET /health HTTP/1.1\" 403 68 \"-\" \"PostmanRuntime/7.54.0\"","service":"acquisitions-api","timestamp":"2026-07-21T20:56:02.784Z"}
{"ip":"::1","level":"warn","message":"Bot request blocked","path":"/health","service":"acquisitions-api","timestamp":"2026-07-21T20:56:03.703Z","userAgent":"PostmanRuntime/7.54.0"}
{"level":"info","message":"::1 - - [21/Jul/2026:20:56:03 +0000] \"GET /health HTTP/1.1\" 403 68 \"-\" \"PostmanRuntime/7.54.0\"","service":"acquisitions-api","timestamp":"2026-07-21T20:56:03.707Z"}
{"ip":"::1","level":"warn","message":"Bot request blocked","path":"/health","service":"acquisitions-api","timestamp":"2026-07-21T20:56:04.804Z","userAgent":"PostmanRuntime/7.54.0"}
{"level":"info","message":"::1 - - [21/Jul/2026:20:56:04 +0000] \"GET /health HTTP/1.1\" 403 68 \"-\" \"PostmanRuntime/7.54.0\"","service":"acquisitions-api","timestamp":"2026-07-21T20:56:04.807Z"}
{"ip":"::1","level":"warn","message":"Bot request blocked","path":"/health","service":"acquisitions-api","timestamp":"2026-07-21T20:56:05.853Z","userAgent":"PostmanRuntime/7.54.0"}
{"level":"info","message":"::1 - - [21/Jul/2026:20:56:05 +0000] \"GET /health HTTP/1.1\" 403 68 \"-\" \"PostmanRuntime/7.54.0\"","service":"acquisitions-api","timestamp":"2026-07-21T20:56:05.856Z"}
{"ip":"::1","level":"warn","message":"Bot request blocked","path":"/","service":"acquisitions-api","timestamp":"2026-07-21T20:57:19.450Z","userAgent":"PostmanRuntime/7.54.0"}
{"level":"info","message":"::1 - - [21/Jul/2026:20:57:19 +0000] \"GET / HTTP/1.1\" 403 68 \"-\" \"PostmanRuntime/7.54.0\"","service":"acquisitions-api","timestamp":"2026-07-21T20:57:19.452Z"}
{"level":"info","message":"Hello from Acquisitions!","service":"acquisitions-api","timestamp":"2026-07-21T20:59:18.173Z"}
{"level":"info","message":"::1 - - [21/Jul/2026:20:59:18 +0000] \"GET / HTTP/1.1\" 304 - \"-\" \"Mozilla/5.0 (Windows NT 10.0; Win64; x64) AppleWebKit/537.36 (KHTML, like Gecko) Code/1.129.1 Chrome/148.0.7778.280 Electron/42.6.0 Safari/537.36\"","service":"acquisitions-api","timestamp":"2026-07-21T20:59:18.181Z"}
{"ip":"::1","level":"warn","message":"Bot request blocked","path":"/","service":"acquisitions-api","timestamp":"2026-07-21T20:59:25.670Z","userAgent":"PostmanRuntime/7.54.0"}
{"level":"info","message":"::1 - - [21/Jul/2026:20:59:25 +0000] \"GET / HTTP/1.1\" 403 68 \"-\" \"PostmanRuntime/7.54.0\"","service":"acquisitions-api","timestamp":"2026-07-21T20:59:25.673Z"}
{"ip":"::1","level":"warn","message":"Bot request blocked","path":"/health","service":"acquisitions-api","timestamp":"2026-07-21T20:59:30.027Z","userAgent":"PostmanRuntime/7.54.0"}
{"level":"info","message":"::1 - - [21/Jul/2026:20:59:30 +0000] \"GET /health HTTP/1.1\" 403 68 \"-\" \"PostmanRuntime/7.54.0\"","service":"acquisitions-api","timestamp":"2026-07-21T20:59:30.028Z"}
{"ip":"::1","level":"warn","message":"Bot request blocked","path":"/api/auth/sign-up","service":"acquisitions-api","timestamp":"2026-07-21T20:59:36.053Z","userAgent":"PostmanRuntime/7.54.0"}
{"level":"info","message":"::1 - - [21/Jul/2026:20:59:36 +0000] \"POST /api/auth/sign-up HTTP/1.1\" 403 68 \"-\" \"PostmanRuntime/7.54.0\"","service":"acquisitions-api","timestamp":"2026-07-21T20:59:36.055Z"}
{"level":"info","message":"::1 - - [21/Jul/2026:21:02:29 +0000] \"GET /health HTTP/1.1\" 200 73 \"-\" \"PostmanRuntime/7.54.0\"","service":"acquisitions-api","timestamp":"2026-07-21T21:02:29.669Z"}
{"level":"info","message":"::1 - - [21/Jul/2026:21:03:08 +0000] \"GET /health HTTP/1.1\" 200 74 \"-\" \"PostmanRuntime/7.54.0\"","service":"acquisitions-api","timestamp":"2026-07-21T21:03:08.846Z"}
{"level":"info","message":"::1 - - [21/Jul/2026:21:03:10 +0000] \"GET /health HTTP/1.1\" 200 74 \"-\" \"PostmanRuntime/7.54.0\"","service":"acquisitions-api","timestamp":"2026-07-21T21:03:10.169Z"}
{"level":"info","message":"::1 - - [21/Jul/2026:21:03:11 +0000] \"GET /health HTTP/1.1\" 200 74 \"-\" \"PostmanRuntime/7.54.0\"","service":"acquisitions-api","timestamp":"2026-07-21T21:03:11.443Z"}
{"level":"info","message":"::1 - - [21/Jul/2026:21:03:12 +0000] \"GET /health HTTP/1.1\" 200 74 \"-\" \"PostmanRuntime/7.54.0\"","service":"acquisitions-api","timestamp":"2026-07-21T21:03:12.663Z"}
{"level":"info","message":"::1 - - [21/Jul/2026:21:03:13 +0000] \"GET /health HTTP/1.1\" 200 74 \"-\" \"PostmanRuntime/7.54.0\"","service":"acquisitions-api","timestamp":"2026-07-21T21:03:13.808Z"}
{"level":"info","message":"::1 - - [21/Jul/2026:21:03:15 +0000] \"GET /health HTTP/1.1\" 200 74 \"-\" \"PostmanRuntime/7.54.0\"","service":"acquisitions-api","timestamp":"2026-07-21T21:03:15.036Z"}
{"level":"info","message":"::1 - - [21/Jul/2026:21:03:16 +0000] \"GET /health HTTP/1.1\" 200 74 \"-\" \"PostmanRuntime/7.54.0\"","service":"acquisitions-api","timestamp":"2026-07-21T21:03:16.214Z"}
{"level":"info","message":"::1 - - [21/Jul/2026:21:03:17 +0000] \"GET /health HTTP/1.1\" 200 74 \"-\" \"PostmanRuntime/7.54.0\"","service":"acquisitions-api","timestamp":"2026-07-21T21:03:17.365Z"}
{"level":"info","message":"::1 - - [21/Jul/2026:21:03:37 +0000] \"GET /health HTTP/1.1\" 200 74 \"-\" \"PostmanRuntime/7.54.0\"","service":"acquisitions-api","timestamp":"2026-07-21T21:03:37.360Z"}
{"level":"info","message":"::1 - - [21/Jul/2026:21:03:38 +0000] \"GET /health HTTP/1.1\" 200 74 \"-\" \"PostmanRuntime/7.54.0\"","service":"acquisitions-api","timestamp":"2026-07-21T21:03:38.558Z"}
{"level":"info","message":"::1 - - [21/Jul/2026:21:03:39 +0000] \"GET /health HTTP/1.1\" 200 74 \"-\" \"PostmanRuntime/7.54.0\"","service":"acquisitions-api","timestamp":"2026-07-21T21:03:39.793Z"}
{"level":"info","message":"::1 - - [21/Jul/2026:21:03:40 +0000] \"GET /health HTTP/1.1\" 200 74 \"-\" \"PostmanRuntime/7.54.0\"","service":"acquisitions-api","timestamp":"2026-07-21T21:03:40.762Z"}
{"level":"info","message":"::1 - - [21/Jul/2026:21:03:41 +0000] \"GET /health HTTP/1.1\" 200 74 \"-\" \"PostmanRuntime/7.54.0\"","service":"acquisitions-api","timestamp":"2026-07-21T21:03:41.787Z"}
{"level":"info","message":"::1 - - [21/Jul/2026:21:03:43 +0000] \"GET /health HTTP/1.1\" 200 74 \"-\" \"PostmanRuntime/7.54.0\"","service":"acquisitions-api","timestamp":"2026-07-21T21:03:43.098Z"}
{"level":"info","message":"::1 - - [21/Jul/2026:21:03:44 +0000] \"GET /health HTTP/1.1\" 200 74 \"-\" \"PostmanRuntime/7.54.0\"","service":"acquisitions-api","timestamp":"2026-07-21T21:03:44.880Z"}
{"level":"info","message":"::1 - - [21/Jul/2026:21:03:45 +0000] \"GET /health HTTP/1.1\" 200 74 \"-\" \"PostmanRuntime/7.54.0\"","service":"acquisitions-api","timestamp":"2026-07-21T21:03:45.877Z"}
{"level":"info","message":"::1 - - [21/Jul/2026:21:03:47 +0000] \"GET /health HTTP/1.1\" 200 74 \"-\" \"PostmanRuntime/7.54.0\"","service":"acquisitions-api","timestamp":"2026-07-21T21:03:47.103Z"}
{"level":"info","message":"::1 - - [21/Jul/2026:21:03:47 +0000] \"GET /health HTTP/1.1\" 200 74 \"-\" \"PostmanRuntime/7.54.0\"","service":"acquisitions-api","timestamp":"2026-07-21T21:03:47.958Z"}
{"level":"info","message":"::1 - - [21/Jul/2026:21:03:48 +0000] \"GET /health HTTP/1.1\" 200 74 \"-\" \"PostmanRuntime/7.54.0\"","service":"acquisitions-api","timestamp":"2026-07-21T21:03:48.586Z"}
{"level":"info","message":"::1 - - [21/Jul/2026:21:03:49 +0000] \"GET /health HTTP/1.1\" 200 74 \"-\" \"PostmanRuntime/7.54.0\"","service":"acquisitions-api","timestamp":"2026-07-21T21:03:49.438Z"}
{"level":"info","message":"::1 - - [21/Jul/2026:21:03:51 +0000] \"GET /health HTTP/1.1\" - - \"-\" \"PostmanRuntime/7.54.0\"","service":"acquisitions-api","timestamp":"2026-07-21T21:03:51.337Z"}
{"level":"info","message":"::1 - - [21/Jul/2026:21:03:52 +0000] \"GET /health HTTP/1.1\" 200 74 \"-\" \"PostmanRuntime/7.54.0\"","service":"acquisitions-api","timestamp":"2026-07-21T21:03:52.007Z"}
{"level":"info","message":"::1 - - [21/Jul/2026:21:03:54 +0000] \"GET /health HTTP/1.1\" 200 74 \"-\" \"PostmanRuntime/7.54.0\"","service":"acquisitions-api","timestamp":"2026-07-21T21:03:54.617Z"}
{"level":"info","message":"::1 - - [21/Jul/2026:21:03:55 +0000] \"GET /health HTTP/1.1\" 200 74 \"-\" \"PostmanRuntime/7.54.0\"","service":"acquisitions-api","timestamp":"2026-07-21T21:03:55.870Z"}
{"level":"info","message":"::1 - - [21/Jul/2026:21:03:57 +0000] \"GET /health HTTP/1.1\" 200 74 \"-\" \"PostmanRuntime/7.54.0\"","service":"acquisitions-api","timestamp":"2026-07-21T21:03:57.030Z"}
{"level":"info","message":"::1 - - [21/Jul/2026:21:03:58 +0000] \"GET /health HTTP/1.1\" 200 74 \"-\" \"PostmanRuntime/7.54.0\"","service":"acquisitions-api","timestamp":"2026-07-21T21:03:58.172Z"}
{"level":"info","message":"::1 - - [21/Jul/2026:21:03:59 +0000] \"GET /health HTTP/1.1\" 200 74 \"-\" \"PostmanRuntime/7.54.0\"","service":"acquisitions-api","timestamp":"2026-07-21T21:03:59.405Z"}
{"level":"info","message":"::1 - - [21/Jul/2026:21:04:00 +0000] \"GET /health HTTP/1.1\" 200 75 \"-\" \"PostmanRuntime/7.54.0\"","service":"acquisitions-api","timestamp":"2026-07-21T21:04:00.655Z"}
{"level":"info","message":"::1 - - [21/Jul/2026:21:04:01 +0000] \"GET /health HTTP/1.1\" 200 75 \"-\" \"PostmanRuntime/7.54.0\"","service":"acquisitions-api","timestamp":"2026-07-21T21:04:01.923Z"}
{"level":"info","message":"::1 - - [21/Jul/2026:21:04:03 +0000] \"GET /health HTTP/1.1\" 200 75 \"-\" \"PostmanRuntime/7.54.0\"","service":"acquisitions-api","timestamp":"2026-07-21T21:04:03.155Z"}
{"level":"info","message":"::1 - - [21/Jul/2026:21:04:04 +0000] \"GET /health HTTP/1.1\" 200 75 \"-\" \"PostmanRuntime/7.54.0\"","service":"acquisitions-api","timestamp":"2026-07-21T21:04:04.475Z"}
{"level":"info","message":"::1 - - [21/Jul/2026:21:04:07 +0000] \"GET /health HTTP/1.1\" 200 74 \"-\" \"PostmanRuntime/7.54.0\"","service":"acquisitions-api","timestamp":"2026-07-21T21:04:07.425Z"}
{"level":"info","message":"::1 - - [21/Jul/2026:21:04:08 +0000] \"GET /health HTTP/1.1\" 200 75 \"-\" \"PostmanRuntime/7.54.0\"","service":"acquisitions-api","timestamp":"2026-07-21T21:04:08.900Z"}
{"level":"info","message":"::1 - - [21/Jul/2026:21:04:40 +0000] \"GET /health HTTP/1.1\" 200 72 \"-\" \"PostmanRuntime/7.54.0\"","service":"acquisitions-api","timestamp":"2026-07-21T21:04:40.993Z"}
{"level":"info","message":"::1 - - [21/Jul/2026:21:04:42 +0000] \"GET /health HTTP/1.1\" 200 73 \"-\" \"PostmanRuntime/7.54.0\"","service":"acquisitions-api","timestamp":"2026-07-21T21:04:42.611Z"}
{"level":"info","message":"::1 - - [21/Jul/2026:21:04:43 +0000] \"GET /health HTTP/1.1\" 200 73 \"-\" \"PostmanRuntime/7.54.0\"","service":"acquisitions-api","timestamp":"2026-07-21T21:04:43.840Z"}
{"level":"info","message":"::1 - - [21/Jul/2026:21:04:44 +0000] \"GET /health HTTP/1.1\" 200 73 \"-\" \"PostmanRuntime/7.54.0\"","service":"acquisitions-api","timestamp":"2026-07-21T21:04:44.997Z"}
{"level":"info","message":"::1 - - [21/Jul/2026:21:04:46 +0000] \"GET /health HTTP/1.1\" 200 74 \"-\" \"PostmanRuntime/7.54.0\"","service":"acquisitions-api","timestamp":"2026-07-21T21:04:46.231Z"}
{"level":"info","message":"::1 - - [21/Jul/2026:21:04:47 +0000] \"GET /health HTTP/1.1\" 200 74 \"-\" \"PostmanRuntime/7.54.0\"","service":"acquisitions-api","timestamp":"2026-07-21T21:04:47.408Z"}
{"level":"info","message":"::1 - - [21/Jul/2026:21:04:48 +0000] \"GET /health HTTP/1.1\" 200 74 \"-\" \"PostmanRuntime/7.54.0\"","service":"acquisitions-api","timestamp":"2026-07-21T21:04:48.600Z"}
{"level":"info","message":"::1 - - [21/Jul/2026:21:04:49 +0000] \"GET /health HTTP/1.1\" 200 74 \"-\" \"PostmanRuntime/7.54.0\"","service":"acquisitions-api","timestamp":"2026-07-21T21:04:49.830Z"}
{"level":"info","message":"::1 - - [21/Jul/2026:21:04:51 +0000] \"GET /health HTTP/1.1\" 200 74 \"-\" \"PostmanRuntime/7.54.0\"","service":"acquisitions-api","timestamp":"2026-07-21T21:04:51.278Z"}
{"level":"info","message":"::1 - - [21/Jul/2026:21:04:52 +0000] \"GET /health HTTP/1.1\" 200 74 \"-\" \"PostmanRuntime/7.54.0\"","service":"acquisitions-api","timestamp":"2026-07-21T21:04:52.312Z"}
{"level":"info","message":"::1 - - [21/Jul/2026:21:04:53 +0000] \"GET /health HTTP/1.1\" 200 74 \"-\" \"PostmanRuntime/7.54.0\"","service":"acquisitions-api","timestamp":"2026-07-21T21:04:53.344Z"}
{"level":"info","message":"::1 - - [21/Jul/2026:21:04:54 +0000] \"GET /health HTTP/1.1\" 200 74 \"-\" \"PostmanRuntime/7.54.0\"","service":"acquisitions-api","timestamp":"2026-07-21T21:04:54.396Z"}
{"level":"info","message":"::1 - - [21/Jul/2026:21:04:55 +0000] \"GET /health HTTP/1.1\" - - \"-\" \"PostmanRuntime/7.54.0\"","service":"acquisitions-api","timestamp":"2026-07-21T21:04:55.333Z"}
{"level":"info","message":"::1 - - [21/Jul/2026:21:04:56 +0000] \"GET /health HTTP/1.1\" 200 74 \"-\" \"PostmanRuntime/7.54.0\"","service":"acquisitions-api","timestamp":"2026-07-21T21:04:56.050Z"}
{"level":"info","message":"::1 - - [21/Jul/2026:21:04:57 +0000] \"GET /health HTTP/1.1\" 200 74 \"-\" \"PostmanRuntime/7.54.0\"","service":"acquisitions-api","timestamp":"2026-07-21T21:04:57.227Z"}
{"level":"info","message":"::1 - - [21/Jul/2026:21:04:58 +0000] \"GET /health HTTP/1.1\" 200 74 \"-\" \"PostmanRuntime/7.54.0\"","service":"acquisitions-api","timestamp":"2026-07-21T21:04:58.355Z"}
{"level":"info","message":"::1 - - [21/Jul/2026:21:04:59 +0000] \"GET /health HTTP/1.1\" 200 74 \"-\" \"PostmanRuntime/7.54.0\"","service":"acquisitions-api","timestamp":"2026-07-21T21:04:59.544Z"}
{"level":"info","message":"::1 - - [21/Jul/2026:21:05:00 +0000] \"GET /health HTTP/1.1\" 200 74 \"-\" \"PostmanRuntime/7.54.0\"","service":"acquisitions-api","timestamp":"2026-07-21T21:05:00.672Z"}
{"level":"info","message":"::1 - - [21/Jul/2026:21:05:01 +0000] \"GET /health HTTP/1.1\" 200 74 \"-\" \"PostmanRuntime/7.54.0\"","service":"acquisitions-api","timestamp":"2026-07-21T21:05:01.820Z"}
{"level":"info","message":"::1 - - [21/Jul/2026:21:05:02 +0000] \"GET /health HTTP/1.1\" 200 74 \"-\" \"PostmanRuntime/7.54.0\"","service":"acquisitions-api","timestamp":"2026-07-21T21:05:02.995Z"}
{"level":"info","message":"::1 - - [21/Jul/2026:21:05:04 +0000] \"GET /health HTTP/1.1\" 200 74 \"-\" \"PostmanRuntime/7.54.0\"","service":"acquisitions-api","timestamp":"2026-07-21T21:05:04.164Z"}
{"level":"info","message":"::1 - - [21/Jul/2026:21:05:05 +0000] \"GET /health HTTP/1.1\" 200 74 \"-\" \"PostmanRuntime/7.54.0\"","service":"acquisitions-api","timestamp":"2026-07-21T21:05:05.181Z"}
{"level":"info","message":"::1 - - [21/Jul/2026:21:05:13 +0000] \"GET /health HTTP/1.1\" 200 74 \"-\" \"PostmanRuntime/7.54.0\"","service":"acquisitions-api","timestamp":"2026-07-21T21:05:13.876Z"}
{"level":"info","message":"::1 - - [21/Jul/2026:21:05:17 +0000] \"GET /health HTTP/1.1\" 200 74 \"-\" \"PostmanRuntime/7.54.0\"","service":"acquisitions-api","timestamp":"2026-07-21T21:05:17.133Z"}
{"level":"info","message":"::1 - - [21/Jul/2026:21:05:51 +0000] \"GET /health HTTP/1.1\" 200 74 \"-\" \"PostmanRuntime/7.54.0\"","service":"acquisitions-api","timestamp":"2026-07-21T21:05:51.098Z"}
{"level":"info","message":"::1 - - [21/Jul/2026:21:05:52 +0000] \"GET /health HTTP/1.1\" 200 74 \"-\" \"PostmanRuntime/7.54.0\"","service":"acquisitions-api","timestamp":"2026-07-21T21:05:52.291Z"}
{"level":"info","message":"::1 - - [21/Jul/2026:21:05:53 +0000] \"GET /health HTTP/1.1\" 200 74 \"-\" \"PostmanRuntime/7.54.0\"","service":"acquisitions-api","timestamp":"2026-07-21T21:05:53.474Z"}
{"level":"info","message":"::1 - - [21/Jul/2026:21:05:54 +0000] \"GET /health HTTP/1.1\" 200 74 \"-\" \"PostmanRuntime/7.54.0\"","service":"acquisitions-api","timestamp":"2026-07-21T21:05:54.636Z"}
{"level":"info","message":"::1 - - [21/Jul/2026:21:05:55 +0000] \"GET /health HTTP/1.1\" 200 74 \"-\" \"PostmanRuntime/7.54.0\"","service":"acquisitions-api","timestamp":"2026-07-21T21:05:55.870Z"}
{"level":"info","message":"::1 - - [21/Jul/2026:21:05:57 +0000] \"GET /health HTTP/1.1\" 200 74 \"-\" \"PostmanRuntime/7.54.0\"","service":"acquisitions-api","timestamp":"2026-07-21T21:05:57.073Z"}
{"level":"info","message":"::1 - - [21/Jul/2026:21:05:58 +0000] \"GET /health HTTP/1.1\" 200 74 \"-\" \"PostmanRuntime/7.54.0\"","service":"acquisitions-api","timestamp":"2026-07-21T21:05:58.151Z"}
{"level":"info","message":"::1 - - [21/Jul/2026:21:05:59 +0000] \"GET /health HTTP/1.1\" 200 74 \"-\" \"PostmanRuntime/7.54.0\"","service":"acquisitions-api","timestamp":"2026-07-21T21:05:59.260Z"}
{"level":"info","message":"::1 - - [21/Jul/2026:21:06:52 +0000] \"GET /health HTTP/1.1\" 200 74 \"-\" \"PostmanRuntime/7.54.0\"","service":"acquisitions-api","timestamp":"2026-07-21T21:06:52.879Z"}
{"level":"info","message":"::1 - - [21/Jul/2026:21:06:54 +0000] \"GET /health HTTP/1.1\" 200 74 \"-\" \"PostmanRuntime/7.54.0\"","service":"acquisitions-api","timestamp":"2026-07-21T21:06:54.049Z"}
{"level":"info","message":"::1 - - [21/Jul/2026:21:06:55 +0000] \"GET /health HTTP/1.1\" 200 74 \"-\" \"PostmanRuntime/7.54.0\"","service":"acquisitions-api","timestamp":"2026-07-21T21:06:55.303Z"}
{"level":"info","message":"::1 - - [21/Jul/2026:21:07:29 +0000] \"GET /health HTTP/1.1\" 200 75 \"-\" \"PostmanRuntime/7.54.0\"","service":"acquisitions-api","timestamp":"2026-07-21T21:07:29.453Z"}
{"level":"info","message":"::1 - - [21/Jul/2026:21:07:48 +0000] \"GET /health HTTP/1.1\" 200 73 \"-\" \"PostmanRuntime/7.54.0\"","service":"acquisitions-api","timestamp":"2026-07-21T21:07:48.360Z"}
{"level":"info","message":"::1 - - [21/Jul/2026:21:07:49 +0000] \"GET /health HTTP/1.1\" 200 71 \"-\" \"PostmanRuntime/7.54.0\"","service":"acquisitions-api","timestamp":"2026-07-21T21:07:49.668Z"}
{"level":"info","message":"::1 - - [21/Jul/2026:21:07:50 +0000] \"GET /health HTTP/1.1\" 200 73 \"-\" \"PostmanRuntime/7.54.0\"","service":"acquisitions-api","timestamp":"2026-07-21T21:07:50.753Z"}
{"level":"info","message":"::1 - - [21/Jul/2026:21:07:52 +0000] \"GET /health HTTP/1.1\" 200 73 \"-\" \"PostmanRuntime/7.54.0\"","service":"acquisitions-api","timestamp":"2026-07-21T21:07:52.035Z"}
{"level":"info","message":"::1 - - [21/Jul/2026:21:07:52 +0000] \"GET /health HTTP/1.1\" 200 73 \"-\" \"PostmanRuntime/7.54.0\"","service":"acquisitions-api","timestamp":"2026-07-21T21:07:52.976Z"}
{"level":"info","message":"::1 - - [21/Jul/2026:21:07:53 +0000] \"GET /health HTTP/1.1\" 200 74 \"-\" \"PostmanRuntime/7.54.0\"","service":"acquisitions-api","timestamp":"2026-07-21T21:07:53.938Z"}
{"level":"info","message":"::1 - - [21/Jul/2026:21:09:37 +0000] \"GET /health HTTP/1.1\" 200 75 \"-\" \"PostmanRuntime/7.54.0\"","service":"acquisitions-api","timestamp":"2026-07-21T21:09:37.712Z"}
{"level":"info","message":"::1 - - [21/Jul/2026:21:10:43 +0000] \"GET /health HTTP/1.1\" 200 75 \"-\" \"PostmanRuntime/7.54.0\"","service":"acquisitions-api","timestamp":"2026-07-21T21:10:43.140Z"}
{"level":"info","message":"::1 - - [21/Jul/2026:21:10:45 +0000] \"GET /health HTTP/1.1\" 200 75 \"-\" \"PostmanRuntime/7.54.0\"","service":"acquisitions-api","timestamp":"2026-07-21T21:10:45.204Z"}
{"level":"info","message":"::1 - - [21/Jul/2026:21:11:06 +0000] \"GET /health HTTP/1.1\" 200 75 \"-\" \"PostmanRuntime/7.54.0\"","service":"acquisitions-api","timestamp":"2026-07-21T21:11:06.047Z"}
{"level":"info","message":"::1 - - [21/Jul/2026:21:12:07 +0000] \"GET /health HTTP/1.1\" 200 73 \"-\" \"PostmanRuntime/7.54.0\"","service":"acquisitions-api","timestamp":"2026-07-21T21:12:07.567Z"}
{"level":"info","message":"::1 - - [21/Jul/2026:21:12:07 +0000] \"GET /health HTTP/1.1\" 200 75 \"-\" \"PostmanRuntime/7.54.0\"","service":"acquisitions-api","timestamp":"2026-07-21T21:12:07.966Z"}
{"level":"info","message":"::1 - - [21/Jul/2026:21:12:08 +0000] \"GET /health HTTP/1.1\" 200 75 \"-\" \"PostmanRuntime/7.54.0\"","service":"acquisitions-api","timestamp":"2026-07-21T21:12:08.339Z"}
{"level":"info","message":"::1 - - [21/Jul/2026:21:12:08 +0000] \"GET /health HTTP/1.1\" 200 75 \"-\" \"PostmanRuntime/7.54.0\"","service":"acquisitions-api","timestamp":"2026-07-21T21:12:08.697Z"}
{"level":"info","message":"::1 - - [21/Jul/2026:21:12:09 +0000] \"GET /health HTTP/1.1\" 200 75 \"-\" \"PostmanRuntime/7.54.0\"","service":"acquisitions-api","timestamp":"2026-07-21T21:12:09.045Z"}
{"level":"info","message":"::1 - - [21/Jul/2026:21:12:09 +0000] \"GET /health HTTP/1.1\" 200 75 \"-\" \"PostmanRuntime/7.54.0\"","service":"acquisitions-api","timestamp":"2026-07-21T21:12:09.389Z"}
{"level":"info","message":"::1 - - [21/Jul/2026:21:13:09 +0000] \"GET /health HTTP/1.1\" 200 75 \"-\" \"PostmanRuntime/7.54.0\"","service":"acquisitions-api","timestamp":"2026-07-21T21:13:09.829Z"}
{"level":"info","message":"::1 - - [21/Jul/2026:21:13:10 +0000] \"GET /health HTTP/1.1\" 200 75 \"-\" \"PostmanRuntime/7.54.0\"","service":"acquisitions-api","timestamp":"2026-07-21T21:13:10.204Z"}
{"level":"info","message":"::1 - - [21/Jul/2026:21:13:10 +0000] \"GET /health HTTP/1.1\" 200 75 \"-\" \"PostmanRuntime/7.54.0\"","service":"acquisitions-api","timestamp":"2026-07-21T21:13:10.544Z"}
{"level":"info","message":"::1 - - [21/Jul/2026:21:13:10 +0000] \"GET /health HTTP/1.1\" 200 74 \"-\" \"PostmanRuntime/7.54.0\"","service":"acquisitions-api","timestamp":"2026-07-21T21:13:10.890Z"}
{"level":"info","message":"::1 - - [21/Jul/2026:21:13:11 +0000] \"GET /health HTTP/1.1\" 200 75 \"-\" \"PostmanRuntime/7.54.0\"","service":"acquisitions-api","timestamp":"2026-07-21T21:13:11.196Z"}
{"level":"info","message":"::1 - - [21/Jul/2026:21:13:11 +0000] \"GET /health HTTP/1.1\" 200 75 \"-\" \"PostmanRuntime/7.54.0\"","service":"acquisitions-api","timestamp":"2026-07-21T21:13:11.546Z"}
{"level":"info","message":"::1 - - [21/Jul/2026:21:13:11 +0000] \"GET /health HTTP/1.1\" 200 75 \"-\" \"PostmanRuntime/7.54.0\"","service":"acquisitions-api","timestamp":"2026-07-21T21:13:11.882Z"}
{"level":"info","message":"::1 - - [21/Jul/2026:21:13:12 +0000] \"GET /health HTTP/1.1\" 200 75 \"-\" \"PostmanRuntime/7.54.0\"","service":"acquisitions-api","timestamp":"2026-07-21T21:13:12.198Z"}
{"level":"info","message":"::1 - - [21/Jul/2026:21:13:12 +0000] \"GET /health HTTP/1.1\" 200 75 \"-\" \"PostmanRuntime/7.54.0\"","service":"acquisitions-api","timestamp":"2026-07-21T21:13:12.545Z"}
{"level":"info","message":"::1 - - [21/Jul/2026:21:13:12 +0000] \"GET /health HTTP/1.1\" 200 75 \"-\" \"PostmanRuntime/7.54.0\"","service":"acquisitions-api","timestamp":"2026-07-21T21:13:12.893Z"}
{"level":"info","message":"::1 - - [21/Jul/2026:21:14:00 +0000] \"GET /health HTTP/1.1\" 200 75 \"-\" \"Mozilla/5.0 (Windows NT 10.0; Win64; x64) AppleWebKit/537.36 (KHTML, like Gecko) Chrome/150.0.0.0 Safari/537.36\"","service":"acquisitions-api","timestamp":"2026-07-21T21:14:00.870Z"}
{"level":"info","message":"::1 - - [21/Jul/2026:21:14:02 +0000] \"GET /favicon.ico HTTP/1.1\" 404 150 \"-\" \"Mozilla/5.0 (Windows NT 10.0; Win64; x64) AppleWebKit/537.36 (KHTML, like Gecko) Chrome/150.0.0.0 Safari/537.36\"","service":"acquisitions-api","timestamp":"2026-07-21T21:14:02.335Z"}
{"level":"info","message":"::1 - - [21/Jul/2026:21:14:04 +0000] \"GET /health HTTP/1.1\" 200 75 \"-\" \"Mozilla/5.0 (Windows NT 10.0; Win64; x64) AppleWebKit/537.36 (KHTML, like Gecko) Chrome/150.0.0.0 Safari/537.36\"","service":"acquisitions-api","timestamp":"2026-07-21T21:14:04.551Z"}
{"level":"info","message":"::1 - - [21/Jul/2026:21:14:05 +0000] \"GET /health HTTP/1.1\" 200 75 \"-\" \"Mozilla/5.0 (Windows NT 10.0; Win64; x64) AppleWebKit/537.36 (KHTML, like Gecko) Chrome/150.0.0.0 Safari/537.36\"","service":"acquisitions-api","timestamp":"2026-07-21T21:14:05.497Z"}
{"level":"info","message":"::1 - - [21/Jul/2026:21:14:06 +0000] \"GET /health HTTP/1.1\" 200 75 \"-\" \"Mozilla/5.0 (Windows NT 10.0; Win64; x64) AppleWebKit/537.36 (KHTML, like Gecko) Chrome/150.0.0.0 Safari/537.36\"","service":"acquisitions-api","timestamp":"2026-07-21T21:14:06.372Z"}
{"level":"info","message":"::1 - - [21/Jul/2026:21:14:07 +0000] \"GET /health HTTP/1.1\" 200 74 \"-\" \"Mozilla/5.0 (Windows NT 10.0; Win64; x64) AppleWebKit/537.36 (KHTML, like Gecko) Chrome/150.0.0.0 Safari/537.36\"","service":"acquisitions-api","timestamp":"2026-07-21T21:14:07.109Z"}
{"level":"info","message":"::1 - - [21/Jul/2026:21:14:07 +0000] \"GET /health HTTP/1.1\" 200 75 \"-\" \"Mozilla/5.0 (Windows NT 10.0; Win64; x64) AppleWebKit/537.36 (KHTML, like Gecko) Chrome/150.0.0.0 Safari/537.36\"","service":"acquisitions-api","timestamp":"2026-07-21T21:14:07.830Z"}
{"level":"info","message":"::1 - - [21/Jul/2026:21:14:08 +0000] \"GET /health HTTP/1.1\" 200 75 \"-\" \"Mozilla/5.0 (Windows NT 10.0; Win64; x64) AppleWebKit/537.36 (KHTML, like Gecko) Chrome/150.0.0.0 Safari/537.36\"","service":"acquisitions-api","timestamp":"2026-07-21T21:14:08.173Z"}
{"level":"info","message":"::1 - - [21/Jul/2026:21:14:08 +0000] \"GET /health HTTP/1.1\" 200 75 \"-\" \"Mozilla/5.0 (Windows NT 10.0; Win64; x64) AppleWebKit/537.36 (KHTML, like Gecko) Chrome/150.0.0.0 Safari/537.36\"","service":"acquisitions-api","timestamp":"2026-07-21T21:14:08.700Z"}
{"level":"info","message":"::1 - - [21/Jul/2026:21:14:09 +0000] \"GET /health HTTP/1.1\" 200 75 \"-\" \"Mozilla/5.0 (Windows NT 10.0; Win64; x64) AppleWebKit/537.36 (KHTML, like Gecko) Chrome/150.0.0.0 Safari/537.36\"","service":"acquisitions-api","timestamp":"2026-07-21T21:14:09.078Z"}
{"level":"info","message":"::1 - - [21/Jul/2026:21:14:09 +0000] \"GET /health HTTP/1.1\" 200 75 \"-\" \"Mozilla/5.0 (Windows NT 10.0; Win64; x64) AppleWebKit/537.36 (KHTML, like Gecko) Chrome/150.0.0.0 Safari/537.36\"","service":"acquisitions-api","timestamp":"2026-07-21T21:14:09.579Z"}
{"level":"info","message":"::1 - - [21/Jul/2026:21:14:10 +0000] \"GET /health HTTP/1.1\" 200 75 \"-\" \"Mozilla/5.0 (Windows NT 10.0; Win64; x64) AppleWebKit/537.36 (KHTML, like Gecko) Chrome/150.0.0.0 Safari/537.36\"","service":"acquisitions-api","timestamp":"2026-07-21T21:14:10.070Z"}
{"level":"info","message":"::1 - - [21/Jul/2026:21:14:23 +0000] \"GET /health HTTP/1.1\" 200 75 \"-\" \"Mozilla/5.0 (Windows NT 10.0; Win64; x64) AppleWebKit/537.36 (KHTML, like Gecko) Chrome/150.0.0.0 Safari/537.36\"","service":"acquisitions-api","timestamp":"2026-07-21T21:14:23.383Z"}
{"level":"info","message":"::1 - - [21/Jul/2026:21:14:25 +0000] \"GET /health HTTP/1.1\" 200 74 \"-\" \"Mozilla/5.0 (Windows NT 10.0; Win64; x64) AppleWebKit/537.36 (KHTML, like Gecko) Chrome/150.0.0.0 Safari/537.36\"","service":"acquisitions-api","timestamp":"2026-07-21T21:14:25.012Z"}
{"level":"info","message":"::1 - - [21/Jul/2026:21:14:25 +0000] \"GET /health HTTP/1.1\" 200 75 \"-\" \"Mozilla/5.0 (Windows NT 10.0; Win64; x64) AppleWebKit/537.36 (KHTML, like Gecko) Chrome/150.0.0.0 Safari/537.36\"","service":"acquisitions-api","timestamp":"2026-07-21T21:14:25.893Z"}
{"level":"info","message":"::1 - - [21/Jul/2026:21:14:27 +0000] \"GET /health HTTP/1.1\" 200 75 \"-\" \"Mozilla/5.0 (Windows NT 10.0; Win64; x64) AppleWebKit/537.36 (KHTML, like Gecko) Chrome/150.0.0.0 Safari/537.36\"","service":"acquisitions-api","timestamp":"2026-07-21T21:14:27.344Z"}
{"level":"info","message":"::1 - - [21/Jul/2026:21:14:28 +0000] \"GET /health HTTP/1.1\" 200 75 \"-\" \"Mozilla/5.0 (Windows NT 10.0; Win64; x64) AppleWebKit/537.36 (KHTML, like Gecko) Chrome/150.0.0.0 Safari/537.36\"","service":"acquisitions-api","timestamp":"2026-07-21T21:14:28.254Z"}
{"level":"info","message":"::1 - - [21/Jul/2026:21:14:29 +0000] \"GET /health HTTP/1.1\" 200 75 \"-\" \"Mozilla/5.0 (Windows NT 10.0; Win64; x64) AppleWebKit/537.36 (KHTML, like Gecko) Chrome/150.0.0.0 Safari/537.36\"","service":"acquisitions-api","timestamp":"2026-07-21T21:14:29.011Z"}
{"level":"info","message":"::1 - - [21/Jul/2026:21:14:29 +0000] \"GET /health HTTP/1.1\" 200 74 \"-\" \"Mozilla/5.0 (Windows NT 10.0; Win64; x64) AppleWebKit/537.36 (KHTML, like Gecko) Chrome/150.0.0.0 Safari/537.36\"","service":"acquisitions-api","timestamp":"2026-07-21T21:14:29.585Z"}
{"level":"info","message":"::1 - - [21/Jul/2026:21:14:30 +0000] \"GET /health HTTP/1.1\" 200 75 \"-\" \"Mozilla/5.0 (Windows NT 10.0; Win64; x64) AppleWebKit/537.36 (KHTML, like Gecko) Chrome/150.0.0.0 Safari/537.36\"","service":"acquisitions-api","timestamp":"2026-07-21T21:14:30.424Z"}
{"level":"info","message":"::1 - - [21/Jul/2026:21:14:31 +0000] \"GET /health HTTP/1.1\" 200 75 \"-\" \"Mozilla/5.0 (Windows NT 10.0; Win64; x64) AppleWebKit/537.36 (KHTML, like Gecko) Chrome/150.0.0.0 Safari/537.36\"","service":"acquisitions-api","timestamp":"2026-07-21T21:14:31.557Z"}
{"level":"info","message":"::1 - - [21/Jul/2026:21:14:32 +0000] \"GET /health HTTP/1.1\" 200 75 \"-\" \"Mozilla/5.0 (Windows NT 10.0; Win64; x64) AppleWebKit/537.36 (KHTML, like Gecko) Chrome/150.0.0.0 Safari/537.36\"","service":"acquisitions-api","timestamp":"2026-07-21T21:14:32.539Z"}
{"level":"info","message":"::1 - - [21/Jul/2026:21:14:33 +0000] \"GET /health HTTP/1.1\" 200 75 \"-\" \"Mozilla/5.0 (Windows NT 10.0; Win64; x64) AppleWebKit/537.36 (KHTML, like Gecko) Chrome/150.0.0.0 Safari/537.36\"","service":"acquisitions-api","timestamp":"2026-07-21T21:14:33.904Z"}
{"level":"info","message":"::1 - - [21/Jul/2026:21:14:35 +0000] \"GET /health HTTP/1.1\" 200 75 \"-\" \"Mozilla/5.0 (Windows NT 10.0; Win64; x64) AppleWebKit/537.36 (KHTML, like Gecko) Chrome/150.0.0.0 Safari/537.36\"","service":"acquisitions-api","timestamp":"2026-07-21T21:14:35.088Z"}
{"level":"info","message":"::1 - - [21/Jul/2026:21:14:37 +0000] \"GET /health HTTP/1.1\" 200 75 \"-\" \"Mozilla/5.0 (Windows NT 10.0; Win64; x64) AppleWebKit/537.36 (KHTML, like Gecko) Chrome/150.0.0.0 Safari/537.36\"","service":"acquisitions-api","timestamp":"2026-07-21T21:14:37.021Z"}
{"level":"info","message":"::1 - - [21/Jul/2026:21:14:38 +0000] \"GET /health HTTP/1.1\" 200 75 \"-\" \"Mozilla/5.0 (Windows NT 10.0; Win64; x64) AppleWebKit/537.36 (KHTML, like Gecko) Chrome/150.0.0.0 Safari/537.36\"","service":"acquisitions-api","timestamp":"2026-07-21T21:14:38.368Z"}
{"level":"info","message":"::1 - - [21/Jul/2026:21:14:38 +0000] \"GET /health HTTP/1.1\" 200 75 \"-\" \"Mozilla/5.0 (Windows NT 10.0; Win64; x64) AppleWebKit/537.36 (KHTML, like Gecko) Chrome/150.0.0.0 Safari/537.36\"","service":"acquisitions-api","timestamp":"2026-07-21T21:14:38.954Z"}
{"level":"info","message":"::1 - - [22/Jul/2026:20:08:19 +0000] \"GET /health HTTP/1.1\" 200 75 \"-\" \"-\"","service":"acquisitions-api","timestamp":"2026-07-22T20:08:19.098Z"}
{"level":"info","message":"::ffff:172.19.0.1 - - [22/Jul/2026:20:08:22 +0000] \"GET /health HTTP/1.1\" 200 75 \"-\" \"Mozilla/5.0 (Windows NT 10.0; Win64; x64) AppleWebKit/537.36 (KHTML, like Gecko) Chrome/150.0.0.0 Safari/537.36\"","service":"acquisitions-api","timestamp":"2026-07-22T20:08:22.586Z"}
{"level":"info","message":"::ffff:172.19.0.1 - - [22/Jul/2026:20:08:25 +0000] \"GET /favicon.ico HTTP/1.1\" 404 150 \"-\" \"Mozilla/5.0 (Windows NT 10.0; Win64; x64) AppleWebKit/537.36 (KHTML, like Gecko) Chrome/150.0.0.0 Safari/537.36\"","service":"acquisitions-api","timestamp":"2026-07-22T20:08:25.044Z"}
{"level":"info","message":"::1 - - [22/Jul/2026:20:08:49 +0000] \"GET /health HTTP/1.1\" 200 76 \"-\" \"-\"","service":"acquisitions-api","timestamp":"2026-07-22T20:08:49.535Z"}
{"level":"info","message":"::1 - - [22/Jul/2026:20:09:20 +0000] \"GET /health HTTP/1.1\" 200 75 \"-\" \"-\"","service":"acquisitions-api","timestamp":"2026-07-22T20:09:20.063Z"}
{"level":"info","message":"::1 - - [22/Jul/2026:20:09:50 +0000] \"GET /health HTTP/1.1\" 200 76 \"-\" \"-\"","service":"acquisitions-api","timestamp":"2026-07-22T20:09:50.530Z"}
{"level":"info","message":"::1 - - [22/Jul/2026:20:10:21 +0000] \"GET /health HTTP/1.1\" 200 76 \"-\" \"-\"","service":"acquisitions-api","timestamp":"2026-07-22T20:10:21.017Z"}
{"level":"info","message":"::1 - - [22/Jul/2026:20:10:51 +0000] \"GET /health HTTP/1.1\" 200 76 \"-\" \"-\"","service":"acquisitions-api","timestamp":"2026-07-22T20:10:51.734Z"}
{"level":"info","message":"::1 - - [22/Jul/2026:20:11:43 +0000] \"GET /health HTTP/1.1\" 200 75 \"-\" \"-\"","service":"acquisitions-api","timestamp":"2026-07-22T20:11:43.420Z"}
{"level":"info","message":"Hello from Acquisitions!","service":"acquisitions-api","timestamp":"2026-07-22T20:11:47.105Z"}
{"level":"info","message":"::ffff:172.19.0.1 - - [22/Jul/2026:20:11:47 +0000] \"GET / HTTP/1.1\" 304 - \"-\" \"Mozilla/5.0 (Windows NT 10.0; Win64; x64) AppleWebKit/537.36 (KHTML, like Gecko) Code/1.129.1 Chrome/148.0.7778.280 Electron/42.6.0 Safari/537.36\"","service":"acquisitions-api","timestamp":"2026-07-22T20:11:47.108Z"}
{"level":"info","message":"::ffff:172.19.0.1 - - [22/Jul/2026:20:11:55 +0000] \"GET /health HTTP/1.1\" 200 76 \"-\" \"Mozilla/5.0 (Windows NT 10.0; Win64; x64) AppleWebKit/537.36 (KHTML, like Gecko) Code/1.129.1 Chrome/148.0.7778.280 Electron/42.6.0 Safari/537.36\"","service":"acquisitions-api","timestamp":"2026-07-22T20:11:55.551Z"}
{"level":"info","message":"::1 - - [22/Jul/2026:20:12:13 +0000] \"GET /health HTTP/1.1\" 200 76 \"-\" \"-\"","service":"acquisitions-api","timestamp":"2026-07-22T20:12:13.813Z"}
{"level":"info","message":"::1 - - [22/Jul/2026:20:12:44 +0000] \"GET /health HTTP/1.1\" 200 76 \"-\" \"-\"","service":"acquisitions-api","timestamp":"2026-07-22T20:12:44.743Z"}
{"level":"info","message":"::1 - - [22/Jul/2026:20:13:15 +0000] \"GET /health HTTP/1.1\" 200 76 \"-\" \"-\"","service":"acquisitions-api","timestamp":"2026-07-22T20:13:15.738Z"}
{"level":"info","message":"::1 - - [22/Jul/2026:20:13:48 +0000] \"GET /health HTTP/1.1\" 200 77 \"-\" \"-\"","service":"acquisitions-api","timestamp":"2026-07-22T20:13:48.626Z"}
{"level":"info","message":"::1 - - [22/Jul/2026:20:14:19 +0000] \"GET /health HTTP/1.1\" 200 77 \"-\" \"-\"","service":"acquisitions-api","timestamp":"2026-07-22T20:14:19.768Z"}
{"level":"info","message":"::ffff:172.19.0.1 - - [22/Jul/2026:20:14:43 +0000] \"GET /health HTTP/1.1\" 200 77 \"-\" \"PostmanRuntime/7.54.0\"","service":"acquisitions-api","timestamp":"2026-07-22T20:14:43.106Z"}
{"level":"error","message":"Error creating the user: Error: User with this email already exists","service":"acquisitions-api","timestamp":"2026-07-22T20:14:50.027Z"}
{"level":"error","message":"Signup error User with this email already exists","service":"acquisitions-api","stack":"Error: User with this email already exists\n    at createUser (file:///app/src/services/auth.service.js:34:13)\n    at process.processTicksAndRejections (node:internal/process/task_queues:95:5)\n    at async signup (file:///app/src/controllers/auth.controller.js:20:18)","timestamp":"2026-07-22T20:14:50.033Z"}
{"level":"info","message":"::ffff:172.19.0.1 - - [22/Jul/2026:20:14:50 +0000] \"POST /api/auth/sign-up HTTP/1.1\" 409 31 \"-\" \"PostmanRuntime/7.54.0\"","service":"acquisitions-api","timestamp":"2026-07-22T20:14:50.039Z"}
{"level":"info","message":"::1 - - [22/Jul/2026:20:14:50 +0000] \"GET /health HTTP/1.1\" 200 77 \"-\" \"-\"","service":"acquisitions-api","timestamp":"2026-07-22T20:14:50.692Z"}
{"level":"info","message":"User dhaniket588@gmail.com created successfully","service":"acquisitions-api","timestamp":"2026-07-22T20:15:10.342Z"}
{"level":"info","message":"User registered successfully: dhaniket588@gmail.com","service":"acquisitions-api","timestamp":"2026-07-22T20:15:10.388Z"}
{"level":"info","message":"::ffff:172.19.0.1 - - [22/Jul/2026:20:15:10 +0000] \"POST /api/auth/sign-up HTTP/1.1\" 201 121 \"-\" \"PostmanRuntime/7.54.0\"","service":"acquisitions-api","timestamp":"2026-07-22T20:15:10.389Z"}
{"level":"info","message":"::1 - - [22/Jul/2026:20:15:22 +0000] \"GET /health HTTP/1.1\" 200 77 \"-\" \"-\"","service":"acquisitions-api","timestamp":"2026-07-22T20:15:22.395Z"}
{"level":"info","message":"::1 - - [22/Jul/2026:20:15:54 +0000] \"GET /health HTTP/1.1\" 200 77 \"-\" \"-\"","service":"acquisitions-api","timestamp":"2026-07-22T20:15:54.139Z"}
{"level":"info","message":"::1 - - [22/Jul/2026:20:16:24 +0000] \"GET /health HTTP/1.1\" 200 76 \"-\" \"-\"","service":"acquisitions-api","timestamp":"2026-07-22T20:16:24.859Z"}
{"level":"info","message":"::1 - - [22/Jul/2026:20:16:56 +0000] \"GET /health HTTP/1.1\" 200 77 \"-\" \"-\"","service":"acquisitions-api","timestamp":"2026-07-22T20:16:56.227Z"}
{"level":"info","message":"::1 - - [24/Jul/2026:22:25:27 +0000] \"GET /health HTTP/1.1\" 200 75 \"-\" \"-\"","service":"acquisitions-api","timestamp":"2026-07-24T22:25:27.219Z"}
{"level":"info","message":"::1 - - [24/Jul/2026:22:25:57 +0000] \"GET /health HTTP/1.1\" 200 76 \"-\" \"-\"","service":"acquisitions-api","timestamp":"2026-07-24T22:25:57.380Z"}
{"level":"info","message":"::1 - - [24/Jul/2026:22:26:27 +0000] \"GET /health HTTP/1.1\" 200 76 \"-\" \"-\"","service":"acquisitions-api","timestamp":"2026-07-24T22:26:27.632Z"}
{"level":"info","message":"::1 - - [24/Jul/2026:22:26:57 +0000] \"GET /health HTTP/1.1\" 200 76 \"-\" \"-\"","service":"acquisitions-api","timestamp":"2026-07-24T22:26:57.786Z"}
{"level":"info","message":"::1 - - [24/Jul/2026:22:27:27 +0000] \"GET /health HTTP/1.1\" 200 77 \"-\" \"-\"","service":"acquisitions-api","timestamp":"2026-07-24T22:27:27.944Z"}
{"level":"info","message":"::1 - - [24/Jul/2026:22:27:58 +0000] \"GET /health HTTP/1.1\" 200 77 \"-\" \"-\"","service":"acquisitions-api","timestamp":"2026-07-24T22:27:58.094Z"}
{"level":"info","message":"::1 - - [24/Jul/2026:22:28:28 +0000] \"GET /health HTTP/1.1\" 200 77 \"-\" \"-\"","service":"acquisitions-api","timestamp":"2026-07-24T22:28:28.281Z"}
{"level":"info","message":"::1 - - [24/Jul/2026:22:28:58 +0000] \"GET /health HTTP/1.1\" 200 76 \"-\" \"-\"","service":"acquisitions-api","timestamp":"2026-07-24T22:28:58.442Z"}
{"level":"info","message":"::1 - - [24/Jul/2026:22:29:28 +0000] \"GET /health HTTP/1.1\" 200 77 \"-\" \"-\"","service":"acquisitions-api","timestamp":"2026-07-24T22:29:28.586Z"}
{"level":"info","message":"::1 - - [24/Jul/2026:22:29:58 +0000] \"GET /health HTTP/1.1\" 200 77 \"-\" \"-\"","service":"acquisitions-api","timestamp":"2026-07-24T22:29:58.727Z"}
{"level":"info","message":"::1 - - [24/Jul/2026:22:30:28 +0000] \"GET /health HTTP/1.1\" 200 77 \"-\" \"-\"","service":"acquisitions-api","timestamp":"2026-07-24T22:30:28.880Z"}
{"level":"info","message":"::1 - - [24/Jul/2026:22:30:59 +0000] \"GET /health HTTP/1.1\" 200 77 \"-\" \"-\"","service":"acquisitions-api","timestamp":"2026-07-24T22:30:59.036Z"}
{"level":"info","message":"::1 - - [24/Jul/2026:22:31:29 +0000] \"GET /health HTTP/1.1\" 200 77 \"-\" \"-\"","service":"acquisitions-api","timestamp":"2026-07-24T22:31:29.173Z"}
{"level":"info","message":"::1 - - [24/Jul/2026:22:31:59 +0000] \"GET /health HTTP/1.1\" 200 77 \"-\" \"-\"","service":"acquisitions-api","timestamp":"2026-07-24T22:31:59.334Z"}
{"level":"info","message":"::1 - - [24/Jul/2026:22:32:29 +0000] \"GET /health HTTP/1.1\" 200 77 \"-\" \"-\"","service":"acquisitions-api","timestamp":"2026-07-24T22:32:29.476Z"}
{"level":"info","message":"::1 - - [24/Jul/2026:22:32:59 +0000] \"GET /health HTTP/1.1\" 200 77 \"-\" \"-\"","service":"acquisitions-api","timestamp":"2026-07-24T22:32:59.613Z"}
{"level":"info","message":"::1 - - [24/Jul/2026:22:33:29 +0000] \"GET /health HTTP/1.1\" 200 77 \"-\" \"-\"","service":"acquisitions-api","timestamp":"2026-07-24T22:33:29.750Z"}
{"level":"info","message":"::1 - - [24/Jul/2026:22:34:00 +0000] \"GET /health HTTP/1.1\" 200 77 \"-\" \"-\"","service":"acquisitions-api","timestamp":"2026-07-24T22:34:00.167Z"}
{"level":"info","message":"::1 - - [24/Jul/2026:22:34:30 +0000] \"GET /health HTTP/1.1\" 200 77 \"-\" \"-\"","service":"acquisitions-api","timestamp":"2026-07-24T22:34:30.320Z"}
{"level":"info","message":"::1 - - [24/Jul/2026:22:35:00 +0000] \"GET /health HTTP/1.1\" 200 77 \"-\" \"-\"","service":"acquisitions-api","timestamp":"2026-07-24T22:35:00.494Z"}
{"level":"info","message":"::1 - - [24/Jul/2026:22:35:30 +0000] \"GET /health HTTP/1.1\" 200 77 \"-\" \"-\"","service":"acquisitions-api","timestamp":"2026-07-24T22:35:30.647Z"}
{"level":"info","message":"::1 - - [24/Jul/2026:22:36:00 +0000] \"GET /health HTTP/1.1\" 200 77 \"-\" \"-\"","service":"acquisitions-api","timestamp":"2026-07-24T22:36:00.807Z"}
{"level":"info","message":"::1 - - [24/Jul/2026:22:36:30 +0000] \"GET /health HTTP/1.1\" 200 77 \"-\" \"-\"","service":"acquisitions-api","timestamp":"2026-07-24T22:36:30.947Z"}
{"level":"info","message":"::1 - - [24/Jul/2026:22:37:01 +0000] \"GET /health HTTP/1.1\" 200 77 \"-\" \"-\"","service":"acquisitions-api","timestamp":"2026-07-24T22:37:01.103Z"}
{"level":"info","message":"::1 - - [24/Jul/2026:22:37:31 +0000] \"GET /health HTTP/1.1\" 200 77 \"-\" \"-\"","service":"acquisitions-api","timestamp":"2026-07-24T22:37:31.244Z"}
{"level":"info","message":"::1 - - [24/Jul/2026:22:38:01 +0000] \"GET /health HTTP/1.1\" 200 77 \"-\" \"-\"","service":"acquisitions-api","timestamp":"2026-07-24T22:38:01.400Z"}
{"level":"info","message":"Hello from Acquisitions!","service":"acquisitions-api","timestamp":"2026-07-24T22:38:14.903Z"}
{"level":"info","message":"::ffff:172.19.0.1 - - [24/Jul/2026:22:38:14 +0000] \"GET / HTTP/1.1\" 304 - \"-\" \"Mozilla/5.0 (Windows NT 10.0; Win64; x64) AppleWebKit/537.36 (KHTML, like Gecko) Code/1.130.0 Chrome/148.0.7778.280 Electron/42.6.0 Safari/537.36\"","service":"acquisitions-api","timestamp":"2026-07-24T22:38:14.906Z"}
{"level":"info","message":"::ffff:172.19.0.1 - - [24/Jul/2026:22:38:19 +0000] \"GET /health HTTP/1.1\" 200 77 \"-\" \"Mozilla/5.0 (Windows NT 10.0; Win64; x64) AppleWebKit/537.36 (KHTML, like Gecko) Code/1.130.0 Chrome/148.0.7778.280 Electron/42.6.0 Safari/537.36\"","service":"acquisitions-api","timestamp":"2026-07-24T22:38:19.044Z"}
{"level":"info","message":"::1 - - [24/Jul/2026:22:38:31 +0000] \"GET /health HTTP/1.1\" 200 77 \"-\" \"-\"","service":"acquisitions-api","timestamp":"2026-07-24T22:38:31.666Z"}
{"level":"info","message":"::1 - - [24/Jul/2026:22:39:02 +0000] \"GET /health HTTP/1.1\" 200 77 \"-\" \"-\"","service":"acquisitions-api","timestamp":"2026-07-24T22:39:02.138Z"}
{"level":"info","message":"User dhaniket588@gmail.com created successfully","service":"acquisitions-api","timestamp":"2026-07-24T22:39:04.284Z"}
{"level":"info","message":"User registered successfully: dhaniket588@gmail.com","service":"acquisitions-api","timestamp":"2026-07-24T22:39:04.309Z"}
{"level":"info","message":"::ffff:172.19.0.1 - - [24/Jul/2026:22:39:04 +0000] \"POST /api/auth/sign-up HTTP/1.1\" 201 121 \"-\" \"PostmanRuntime/7.54.0\"","service":"acquisitions-api","timestamp":"2026-07-24T22:39:04.311Z"}
